# JRE version: OpenJDK Runtime Environment Temurin-21.0.9+10 (21.0.9+10) (build 21.0.9+10-LTS)
# Java VM: OpenJDK 64-Bit Server VM Temurin-21.0.9+10 (21.0.9+10-LTS, mixed mode, sharing, tiered, compressed oops, compressed class ptrs, parallel gc, windows-amd64)
GC Precious Log:
 CardTable entry size: 512
 CPUs: 4 total, 4 available
 Memory: 7812M
 Large Page Support: Disabled
 NUMA Support: Disabled
 Compressed Oops: Enabled (32-bit)
 Alignments: Space 512K, Generation 512K, Heap 2M
 Heap Min Capacity: 100M
 Heap Initial Capacity: 100M
 Heap Max Capacity: 2G
 Pre-touch: Disabled
 Parallel Workers: 4
Heap:
 PSYoungGen      total 23040K, used 7293K [0x00000000d5580000, 0x00000000d7300000, 0x0000000100000000)
  eden space 20992K, 24% used [0x00000000d5580000,0x00000000d5a9f468,0x00000000d6a00000)
  from space 2048K, 100% used [0x00000000d6e00000,0x00000000d7000000,0x00000000d7000000)
  to   space 4096K, 0% used [0x00000000d6a00000,0x00000000d6a00000,0x00000000d6e00000)
 ParOldGen       total 68608K, used 35096K [0x0000000080000000, 0x0000000084300000, 0x00000000d5580000)
  object space 68608K, 51% used [0x0000000080000000,0x0000000082246240,0x0000000084300000)
 Metaspace       used 47793K, committed 48896K, reserved 1114112K
  class space    used 5180K, committed 5696K, reserved 1048576K
GC Heap History (20 events):
Event: 21.148 GC heap before
{Heap before GC invocations=17 (full 2):
 PSYoungGen      total 23040K, used 23017K [0x00000000d5580000, 0x00000000d7200000, 0x0000000100000000)
  eden space 22016K, 100% used [0x00000000d5580000,0x00000000d6b00000,0x00000000d6b00000)
  from space 1024K, 97% used [0x00000000d7100000,0x00000000d71fa4f8,0x00000000d7200000)
  to   space 2560K, 0% used [0x00000000d6d00000,0x00000000d6d00000,0x00000000d6f80000)
 ParOldGen       total 68608K, used 18412K [0x0000000080000000, 0x0000000084300000, 0x00000000d5580000)
  object space 68608K, 26% used [0x0000000080000000,0x00000000811fb2f0,0x0000000084300000)
 Metaspace       used 40049K, committed 41216K, reserved 1114112K
  class space    used 4288K, committed 4736K, reserved 1048576K
}
Event: 21.153 GC heap after
{Heap after GC invocations=17 (full 2):
 PSYoungGen      total 24576K, used 1984K [0x00000000d5580000, 0x00000000d7180000, 0x0000000100000000)
  eden space 22016K, 0% used [0x00000000d5580000,0x00000000d5580000,0x00000000d6b00000)
  from space 2560K, 77% used [0x00000000d6d00000,0x00000000d6ef0020,0x00000000d6f80000)
  to   space 2048K, 0% used [0x00000000d6f80000,0x00000000d6f80000,0x00000000d7180000)
 ParOldGen       total 68608K, used 19413K [0x0000000080000000, 0x0000000084300000, 0x00000000d5580000)
  object space 68608K, 28% used [0x0000000080000000,0x00000000812f5428,0x0000000084300000)
 Metaspace       used 40049K, committed 41216K, reserved 1114112K
  class space    used 4288K, committed 4736K, reserved 1048576K
}
Event: 21.939 GC heap before
{Heap before GC invocations=18 (full 2):
 PSYoungGen      total 24576K, used 24000K [0x00000000d5580000, 0x00000000d7180000, 0x0000000100000000)
  eden space 22016K, 100% used [0x00000000d5580000,0x00000000d6b00000,0x00000000d6b00000)
  from space 2560K, 77% used [0x00000000d6d00000,0x00000000d6ef0020,0x00000000d6f80000)
  to   space 2048K, 0% used [0x00000000d6f80000,0x00000000d6f80000,0x00000000d7180000)
 ParOldGen       total 68608K, used 19413K [0x0000000080000000, 0x0000000084300000, 0x00000000d5580000)
  object space 68608K, 28% used [0x0000000080000000,0x00000000812f5428,0x0000000084300000)
 Metaspace       used 42570K, committed 43776K, reserved 1114112K
  class space    used 4648K, committed 5184K, reserved 1048576K
}
Event: 21.952 GC heap after
{Heap after GC invocations=18 (full 2):
 PSYoungGen      total 23552K, used 1408K [0x00000000d5580000, 0x00000000d7100000, 0x0000000100000000)
  eden space 22016K, 0% used [0x00000000d5580000,0x00000000d5580000,0x00000000d6b00000)
  from space 1536K, 91% used [0x00000000d6f80000,0x00000000d70e0000,0x00000000d7100000)
  to   space 2048K, 0% used [0x00000000d6d00000,0x00000000d6d00000,0x00000000d6f00000)
 ParOldGen       total 68608K, used 21244K [0x0000000080000000, 0x0000000084300000, 0x00000000d5580000)
  object space 68608K, 30% used [0x0000000080000000,0x00000000814bf2c0,0x0000000084300000)
 Metaspace       used 42570K, committed 43776K, reserved 1114112K
  class space    used 4648K, committed 5184K, reserved 1048576K
}
Event: 22.714 GC heap before
{Heap before GC invocations=19 (full 2):
 PSYoungGen      total 23552K, used 23424K [0x00000000d5580000, 0x00000000d7100000, 0x0000000100000000)
  eden space 22016K, 100% used [0x00000000d5580000,0x00000000d6b00000,0x00000000d6b00000)
  from space 1536K, 91% used [0x00000000d6f80000,0x00000000d70e0000,0x00000000d7100000)
  to   space 2048K, 0% used [0x00000000d6d00000,0x00000000d6d00000,0x00000000d6f00000)
 ParOldGen       total 68608K, used 21244K [0x0000000080000000, 0x0000000084300000, 0x00000000d5580000)
  object space 68608K, 30% used [0x0000000080000000,0x00000000814bf2c0,0x0000000084300000)
 Metaspace       used 44789K, committed 46016K, reserved 1114112K
  class space    used 4890K, committed 5376K, reserved 1048576K
}
Event: 22.722 GC heap after
{Heap after GC invocations=19 (full 2):
 PSYoungGen      total 24064K, used 2042K [0x00000000d5580000, 0x00000000d7900000, 0x0000000100000000)
  eden space 22016K, 0% used [0x00000000d5580000,0x00000000d5580000,0x00000000d6b00000)
  from space 2048K, 99% used [0x00000000d6d00000,0x00000000d6efe998,0x00000000d6f00000)
  to   space 7168K, 0% used [0x00000000d7200000,0x00000000d7200000,0x00000000d7900000)
 ParOldGen       total 68608K, used 25484K [0x0000000080000000, 0x0000000084300000, 0x00000000d5580000)
  object space 68608K, 37% used [0x0000000080000000,0x00000000818e3178,0x0000000084300000)
 Metaspace       used 44789K, committed 46016K, reserved 1114112K
  class space    used 4890K, committed 5376K, reserved 1048576K
}
Event: 24.341 GC heap before
{Heap before GC invocations=20 (full 2):
 PSYoungGen      total 24064K, used 24058K [0x00000000d5580000, 0x00000000d7900000, 0x0000000100000000)
  eden space 22016K, 100% used [0x00000000d5580000,0x00000000d6b00000,0x00000000d6b00000)
  from space 2048K, 99% used [0x00000000d6d00000,0x00000000d6efe998,0x00000000d6f00000)
  to   space 7168K, 0% used [0x00000000d7200000,0x00000000d7200000,0x00000000d7900000)
 ParOldGen       total 68608K, used 25484K [0x0000000080000000, 0x0000000084300000, 0x00000000d5580000)
  object space 68608K, 37% used [0x0000000080000000,0x00000000818e3178,0x0000000084300000)
 Metaspace       used 46019K, committed 47168K, reserved 1114112K
  class space    used 5022K, committed 5504K, reserved 1048576K
}
Event: 24.348 GC heap after
{Heap after GC invocations=20 (full 2):
 PSYoungGen      total 23040K, used 576K [0x00000000d5580000, 0x00000000d7300000, 0x0000000100000000)
  eden space 22016K, 0% used [0x00000000d5580000,0x00000000d5580000,0x00000000d6b00000)
  from space 1024K, 56% used [0x00000000d7200000,0x00000000d7290000,0x00000000d7300000)
  to   space 3072K, 0% used [0x00000000d6d00000,0x00000000d6d00000,0x00000000d7000000)
 ParOldGen       total 68608K, used 27489K [0x0000000080000000, 0x0000000084300000, 0x00000000d5580000)
  object space 68608K, 40% used [0x0000000080000000,0x0000000081ad85d0,0x0000000084300000)
 Metaspace       used 46019K, committed 47168K, reserved 1114112K
  class space    used 5022K, committed 5504K, reserved 1048576K
}
Event: 24.735 GC heap before
{Heap before GC invocations=21 (full 2):
 PSYoungGen      total 23040K, used 22592K [0x00000000d5580000, 0x00000000d7300000, 0x0000000100000000)
  eden space 22016K, 100% used [0x00000000d5580000,0x00000000d6b00000,0x00000000d6b00000)
  from space 1024K, 56% used [0x00000000d7200000,0x00000000d7290000,0x00000000d7300000)
  to   space 3072K, 0% used [0x00000000d6d00000,0x00000000d6d00000,0x00000000d7000000)
 ParOldGen       total 68608K, used 27489K [0x0000000080000000, 0x0000000084300000, 0x00000000d5580000)
  object space 68608K, 40% used [0x0000000080000000,0x0000000081ad85d0,0x0000000084300000)
 Metaspace       used 46468K, committed 47616K, reserved 1114112K
  class space    used 5062K, committed 5568K, reserved 1048576K
}
Event: 24.739 GC heap after
{Heap after GC invocations=21 (full 2):
 PSYoungGen      total 25088K, used 2744K [0x00000000d5580000, 0x00000000d7280000, 0x0000000100000000)
  eden space 22016K, 0% used [0x00000000d5580000,0x00000000d5580000,0x00000000d6b00000)
  from space 3072K, 89% used [0x00000000d6d00000,0x00000000d6fae238,0x00000000d7000000)
  to   space 2560K, 0% used [0x00000000d7000000,0x00000000d7000000,0x00000000d7280000)
 ParOldGen       total 68608K, used 27999K [0x0000000080000000, 0x0000000084300000, 0x00000000d5580000)
  object space 68608K, 40% used [0x0000000080000000,0x0000000081b57fc8,0x0000000084300000)
 Metaspace       used 46468K, committed 47616K, reserved 1114112K
  class space    used 5062K, committed 5568K, reserved 1048576K
}
Event: 24.883 GC heap before
{Heap before GC invocations=22 (full 2):
 PSYoungGen      total 25088K, used 24760K [0x00000000d5580000, 0x00000000d7280000, 0x0000000100000000)
  eden space 22016K, 100% used [0x00000000d5580000,0x00000000d6b00000,0x00000000d6b00000)
  from space 3072K, 89% used [0x00000000d6d00000,0x00000000d6fae238,0x00000000d7000000)
  to   space 2560K, 0% used [0x00000000d7000000,0x00000000d7000000,0x00000000d7280000)
 ParOldGen       total 68608K, used 27999K [0x0000000080000000, 0x0000000084300000, 0x00000000d5580000)
  object space 68608K, 40% used [0x0000000080000000,0x0000000081b57fc8,0x0000000084300000)
 Metaspace       used 46473K, committed 47616K, reserved 1114112K
  class space    used 5062K, committed 5568K, reserved 1048576K
}
Event: 24.887 GC heap after
{Heap after GC invocations=22 (full 2):
 PSYoungGen      total 23040K, used 640K [0x00000000d5580000, 0x00000000d7100000, 0x0000000100000000)
  eden space 22016K, 0% used [0x00000000d5580000,0x00000000d5580000,0x00000000d6b00000)
  from space 1024K, 62% used [0x00000000d7000000,0x00000000d70a0000,0x00000000d7100000)
  to   space 1536K, 0% used [0x00000000d6e00000,0x00000000d6e00000,0x00000000d6f80000)
 ParOldGen       total 68608K, used 30718K [0x0000000080000000, 0x0000000084300000, 0x00000000d5580000)
  object space 68608K, 44% used [0x0000000080000000,0x0000000081dffa80,0x0000000084300000)
 Metaspace       used 46473K, committed 47616K, reserved 1114112K
  class space    used 5062K, committed 5568K, reserved 1048576K
}
Event: 25.066 GC heap before
{Heap before GC invocations=23 (full 2):
 PSYoungGen      total 23040K, used 22656K [0x00000000d5580000, 0x00000000d7100000, 0x0000000100000000)
  eden space 22016K, 100% used [0x00000000d5580000,0x00000000d6b00000,0x00000000d6b00000)
  from space 1024K, 62% used [0x00000000d7000000,0x00000000d70a0000,0x00000000d7100000)
  to   space 1536K, 0% used [0x00000000d6e00000,0x00000000d6e00000,0x00000000d6f80000)
 ParOldGen       total 68608K, used 30718K [0x0000000080000000, 0x0000000084300000, 0x00000000d5580000)
  object space 68608K, 44% used [0x0000000080000000,0x0000000081dffa80,0x0000000084300000)
 Metaspace       used 46473K, committed 47616K, reserved 1114112K
  class space    used 5062K, committed 5568K, reserved 1048576K
}
Event: 25.068 GC heap after
{Heap after GC invocations=23 (full 2):
 PSYoungGen      total 23552K, used 608K [0x00000000d5580000, 0x00000000d7080000, 0x0000000100000000)
  eden space 22016K, 0% used [0x00000000d5580000,0x00000000d5580000,0x00000000d6b00000)
  from space 1536K, 39% used [0x00000000d6e00000,0x00000000d6e98000,0x00000000d6f80000)
  to   space 1024K, 0% used [0x00000000d6f80000,0x00000000d6f80000,0x00000000d7080000)
 ParOldGen       total 68608K, used 31310K [0x0000000080000000, 0x0000000084300000, 0x00000000d5580000)
  object space 68608K, 45% used [0x0000000080000000,0x0000000081e93a80,0x0000000084300000)
 Metaspace       used 46473K, committed 47616K, reserved 1114112K
  class space    used 5062K, committed 5568K, reserved 1048576K
}
Event: 25.256 GC heap before
{Heap before GC invocations=24 (full 2):
 PSYoungGen      total 23552K, used 22624K [0x00000000d5580000, 0x00000000d7080000, 0x0000000100000000)
  eden space 22016K, 100% used [0x00000000d5580000,0x00000000d6b00000,0x00000000d6b00000)
  from space 1536K, 39% used [0x00000000d6e00000,0x00000000d6e98000,0x00000000d6f80000)
  to   space 1024K, 0% used [0x00000000d6f80000,0x00000000d6f80000,0x00000000d7080000)
 ParOldGen       total 68608K, used 31310K [0x0000000080000000, 0x0000000084300000, 0x00000000d5580000)
  object space 68608K, 45% used [0x0000000080000000,0x0000000081e93a80,0x0000000084300000)
 Metaspace       used 46573K, committed 47744K, reserved 1114112K
  class space    used 5065K, committed 5568K, reserved 1048576K
}
Event: 25.264 GC heap after
{Heap after GC invocations=24 (full 2):
 PSYoungGen      total 23040K, used 994K [0x00000000d5580000, 0x00000000d7100000, 0x0000000100000000)
  eden space 22016K, 0% used [0x00000000d5580000,0x00000000d5580000,0x00000000d6b00000)
  from space 1024K, 97% used [0x00000000d6f80000,0x00000000d7078af8,0x00000000d7080000)
  to   space 3072K, 0% used [0x00000000d6b00000,0x00000000d6b00000,0x00000000d6e00000)
 ParOldGen       total 68608K, used 32794K [0x0000000080000000, 0x0000000084300000, 0x00000000d5580000)
  object space 68608K, 47% used [0x0000000080000000,0x0000000082006a90,0x0000000084300000)
 Metaspace       used 46573K, committed 47744K, reserved 1114112K
  class space    used 5065K, committed 5568K, reserved 1048576K
}
Event: 25.380 GC heap before
{Heap before GC invocations=25 (full 2):
 PSYoungGen      total 23040K, used 23010K [0x00000000d5580000, 0x00000000d7100000, 0x0000000100000000)
  eden space 22016K, 100% used [0x00000000d5580000,0x00000000d6b00000,0x00000000d6b00000)
  from space 1024K, 97% used [0x00000000d6f80000,0x00000000d7078af8,0x00000000d7080000)
  to   space 3072K, 0% used [0x00000000d6b00000,0x00000000d6b00000,0x00000000d6e00000)
 ParOldGen       total 68608K, used 32794K [0x0000000080000000, 0x0000000084300000, 0x00000000d5580000)
  object space 68608K, 47% used [0x0000000080000000,0x0000000082006a90,0x0000000084300000)
 Metaspace       used 46573K, committed 47744K, reserved 1114112K
  class space    used 5065K, committed 5568K, reserved 1048576K
}
Event: 25.384 GC heap after
{Heap after GC invocations=25 (full 2):
 PSYoungGen      total 25088K, used 1371K [0x00000000d5580000, 0x00000000d7000000, 0x0000000100000000)
  eden space 22016K, 0% used [0x00000000d5580000,0x00000000d5580000,0x00000000d6b00000)
  from space 3072K, 44% used [0x00000000d6b00000,0x00000000d6c56e00,0x00000000d6e00000)
  to   space 2048K, 0% used [0x00000000d6e00000,0x00000000d6e00000,0x00000000d7000000)
 ParOldGen       total 68608K, used 33538K [0x0000000080000000, 0x0000000084300000, 0x00000000d5580000)
  object space 68608K, 48% used [0x0000000080000000,0x00000000820c0af0,0x0000000084300000)
 Metaspace       used 46573K, committed 47744K, reserved 1114112K
  class space    used 5065K, committed 5568K, reserved 1048576K
}
Event: 25.735 GC heap before
{Heap before GC invocations=26 (full 2):
 PSYoungGen      total 25088K, used 23387K [0x00000000d5580000, 0x00000000d7000000, 0x0000000100000000)
  eden space 22016K, 100% used [0x00000000d5580000,0x00000000d6b00000,0x00000000d6b00000)
  from space 3072K, 44% used [0x00000000d6b00000,0x00000000d6c56e00,0x00000000d6e00000)
  to   space 2048K, 0% used [0x00000000d6e00000,0x00000000d6e00000,0x00000000d7000000)
 ParOldGen       total 68608K, used 33538K [0x0000000080000000, 0x0000000084300000, 0x00000000d5580000)
  object space 68608K, 48% used [0x0000000080000000,0x00000000820c0af0,0x0000000084300000)
 Metaspace       used 47216K, committed 48320K, reserved 1114112K
  class space    used 5116K, committed 5568K, reserved 1048576K
}
Event: 25.742 GC heap after
{Heap after GC invocations=26 (full 2):
 PSYoungGen      total 23040K, used 2048K [0x00000000d5580000, 0x00000000d7300000, 0x0000000100000000)
  eden space 20992K, 0% used [0x00000000d5580000,0x00000000d5580000,0x00000000d6a00000)
  from space 2048K, 100% used [0x00000000d6e00000,0x00000000d7000000,0x00000000d7000000)
  to   space 4096K, 0% used [0x00000000d6a00000,0x00000000d6a00000,0x00000000d6e00000)
 ParOldGen       total 68608K, used 35096K [0x0000000080000000, 0x0000000084300000, 0x00000000d5580000)
  object space 68608K, 51% used [0x0000000080000000,0x0000000082246240,0x0000000084300000)
 Metaspace       used 47216K, committed 48320K, reserved 1114112K
  class space    used 5116K, committed 5568K, reserved 1048576K
}

